
> mmacombat@0.1.0 start /Users/dmak/Documents/projects/mma/mmacombat
> PORT=3201 react-scripts start

Starting the development server...

Compiled with warnings.

./src/js/components/SearchBar.js
  Line 1:  'ReactDOM' is defined but never used  no-unused-vars

Search for the keywords to learn more about each warning.
To ignore, add // eslint-disable-next-line to the line before.

Compiling...
Compiled with warnings.

./src/js/components/SearchBar.js
  Line 1:  'ReactDOM' is defined but never used  no-unused-vars

Search for the keywords to learn more about each warning.
To ignore, add // eslint-disable-next-line to the line before.

Compiling...
Compiled with warnings.

./src/js/components/SearchBar.js
  Line 1:  'ReactDOM' is defined but never used  no-unused-vars

Search for the keywords to learn more about each warning.
To ignore, add // eslint-disable-next-line to the line before.

Compiling...
Compiled with warnings.

./src/js/components/SearchBar.js
  Line 1:  'ReactDOM' is defined but never used  no-unused-vars

Search for the keywords to learn more about each warning.
To ignore, add // eslint-disable-next-line to the line before.

Compiling...
Compiled with warnings.

./src/js/components/SearchBar.js
  Line 1:  'ReactDOM' is defined but never used  no-unused-vars

Search for the keywords to learn more about each warning.
To ignore, add // eslint-disable-next-line to the line before.

Compiling...
Compiled with warnings.

./src/js/components/SearchBar.js
  Line 1:  'ReactDOM' is defined but never used  no-unused-vars

Search for the keywords to learn more about each warning.
To ignore, add // eslint-disable-next-line to the line before.

Compiling...
Compiled with warnings.

./src/js/components/SearchBar.js
  Line 1:  'ReactDOM' is defined but never used  no-unused-vars

Search for the keywords to learn more about each warning.
To ignore, add // eslint-disable-next-line to the line before.

Compiling...
Compiled with warnings.

./src/js/components/SearchBar.js
  Line 1:  'ReactDOM' is defined but never used  no-unused-vars

Search for the keywords to learn more about each warning.
To ignore, add // eslint-disable-next-line to the line before.

Compiling...
Compiled with warnings.

./src/js/components/SearchBar.js
  Line 1:  'ReactDOM' is defined but never used  no-unused-vars

Search for the keywords to learn more about each warning.
To ignore, add // eslint-disable-next-line to the line before.

The build failed because the process exited too early. This probably means the system ran out of memory or someone called `kill -9` on the process.
npm ERR! code ELIFECYCLE
npm ERR! errno 1
npm ERR! mmacombat@0.1.0 start: `PORT=3201 react-scripts start`
npm ERR! Exit status 1
npm ERR! 
npm ERR! Failed at the mmacombat@0.1.0 start script.
npm ERR! This is probably not a problem with npm. There is likely additional logging output above.

npm ERR! A complete log of this run can be found in:
npm ERR!     /Users/dmak/.npm/_logs/2018-06-23T17_38_28_000Z-debug.log
